h:\projects\weather\directxpanels\debug\pch.pch
h:\projects\weather\directxpanels\debug\vc120.pdb
h:\projects\weather\directxpanels\debug\vc120.idb
h:\projects\weather\directxpanels\debug\pch.obj
h:\projects\weather\directxpanels\debug\d2dpanel.obj
h:\projects\weather\directxpanels\debug\rain_.obj
h:\projects\weather\directxpanels\debug\snow_.obj
i:\projects\weather\directxpanels\debug\pch.pch
i:\projects\weather\directxpanels\debug\vc120.pdb
i:\projects\weather\directxpanels\debug\vc120.idb
i:\projects\weather\directxpanels\debug\pch.obj
i:\projects\weather\directxpanels\debug\d2dpanel.obj
i:\projects\weather\directxpanels\debug\snow_.obj
i:\projects\weather\directxpanels\debug\rain_.obj
h:\projects\weather\debug\directxpanels\directxpanels.winmd
h:\projects\weather\debug\directxpanels\directxcomponent.lib
h:\projects\weather\debug\directxpanels\directxcomponent.exp
h:\projects\weather\directxpanels\debug\directxpanels.vcxprojresolveassemblyreference.cache
h:\projects\weather\directxpanels\debug\priconfig.xml
h:\projects\weather\directxpanels\debug\priconfig.xml.intermediate
h:\projects\weather\directxpanels\debug\layout.resfiles
h:\projects\weather\directxpanels\debug\layout.resfiles.intermediate
h:\projects\weather\directxpanels\debug\resources.resfiles
h:\projects\weather\directxpanels\debug\resources.resfiles.intermediate
h:\projects\weather\directxpanels\debug\pri.resfiles
h:\projects\weather\directxpanels\debug\pri.resfiles.intermediate
h:\projects\weather\debug\directxpanels\directxpanels.pri
h:\projects\weather\directxpanels\debug\qualifiers.txt
h:\projects\weather\directxpanels\debug\qualifiers.txt.intermediate
h:\projects\weather\directxpanels\debug\multiplequalifiersperdimensionfound.txt
i:\projects\weather\debug\directxpanels\directxpanels.winmd
i:\projects\weather\debug\directxpanels\directxcomponent.lib
i:\projects\weather\debug\directxpanels\directxcomponent.exp
i:\projects\weather\directxpanels\debug\directxpanels.vcxprojresolveassemblyreference.cache
i:\projects\weather\directxpanels\debug\priconfig.xml
i:\projects\weather\directxpanels\debug\priconfig.xml.intermediate
i:\projects\weather\directxpanels\debug\layout.resfiles
i:\projects\weather\directxpanels\debug\layout.resfiles.intermediate
i:\projects\weather\directxpanels\debug\resources.resfiles
i:\projects\weather\directxpanels\debug\resources.resfiles.intermediate
i:\projects\weather\directxpanels\debug\pri.resfiles
i:\projects\weather\directxpanels\debug\pri.resfiles.intermediate
i:\projects\weather\debug\directxpanels\directxpanels.pri
i:\projects\weather\directxpanels\debug\qualifiers.txt
i:\projects\weather\directxpanels\debug\qualifiers.txt.intermediate
i:\projects\weather\directxpanels\debug\multiplequalifiersperdimensionfound.txt
h:\projects\weather\debug\directxpanels\directxcomponent.ilk
h:\projects\weather\debug\directxpanels\directxcomponent.dll
h:\projects\weather\debug\directxpanels\directxcomponent.pdb
i:\projects\weather\debug\directxpanels\directxcomponent.ilk
i:\projects\weather\debug\directxpanels\directxcomponent.dll
i:\projects\weather\debug\directxpanels\directxcomponent.pdb
i:\projects\weather\directxpanels\debug\directxcomponent.tlog\cl.command.1.tlog
i:\projects\weather\directxpanels\debug\directxcomponent.tlog\cl.read.1.tlog
i:\projects\weather\directxpanels\debug\directxcomponent.tlog\cl.write.1.tlog
i:\projects\weather\directxpanels\debug\directxcomponent.tlog\directxcomponent.read.1u.tlog
i:\projects\weather\directxpanels\debug\directxcomponent.tlog\directxcomponent.write.1u.tlog
i:\projects\weather\directxpanels\debug\directxcomponent.tlog\link.command.1.tlog
i:\projects\weather\directxpanels\debug\directxcomponent.tlog\link.read.1.tlog
i:\projects\weather\directxpanels\debug\directxcomponent.tlog\link.write.1.tlog
