c:\users\liche\desktop\нова папка (4)\c# and c++\directxpanels\debug\pch.pch
c:\users\liche\desktop\нова папка (4)\c# and c++\directxpanels\debug\vc120.pdb
c:\users\liche\desktop\нова папка (4)\c# and c++\directxpanels\debug\vc120.idb
c:\users\liche\desktop\нова папка (4)\c# and c++\directxpanels\debug\pch.obj
c:\users\liche\desktop\нова папка (4)\c# and c++\directxpanels\debug\d2dpanel.obj
c:\users\liche\desktop\нова папка (4)\c# and c++\directxpanels\debug\uiad2dpanel.obj
c:\users\liche\desktop\нова папка (4)\c# and c++\directxpanels\debug\drawingpanel.obj
c:\users\liche\desktop\нова папка (4)\c# and c++\directxpanels\debug\d3dpanel.obj
c:\users\liche\desktop\нова папка (4)\c# and c++\directxpanels\debug\directxpanelbase.obj
c:\users\liche\desktop\нова папка (4)\c# and c++\directxpanels\debug\highlighterpanel.obj
c:\users\liche\documents\visual studio 2015\projects\weather\directxpanels\debug\pch.pch
c:\users\liche\documents\visual studio 2015\projects\weather\directxpanels\debug\vc120.pdb
c:\users\liche\documents\visual studio 2015\projects\weather\directxpanels\debug\vc120.idb
c:\users\liche\documents\visual studio 2015\projects\weather\directxpanels\debug\pch.obj
c:\users\liche\documents\visual studio 2015\projects\weather\directxpanels\debug\directxpanelbase.obj
c:\users\liche\documents\visual studio 2015\projects\weather\directxpanels\debug\d2dpanel.obj
c:\users\liche\desktop\нова папка (4)\c# and c++\debug\directxpanels\simplepixelshader.cso
c:\users\liche\desktop\нова папка (4)\c# and c++\debug\directxpanels\simplevertexshader.cso
c:\users\liche\desktop\нова папка (4)\c# and c++\debug\directxpanels\directxpanels.winmd
c:\users\liche\desktop\нова папка (4)\c# and c++\debug\directxpanels\directxpanels.lib
c:\users\liche\desktop\нова папка (4)\c# and c++\debug\directxpanels\directxpanels.exp
c:\users\liche\desktop\нова папка (4)\c# and c++\directxpanels\debug\priconfig.xml
c:\users\liche\desktop\нова папка (4)\c# and c++\directxpanels\debug\priconfig.xml.intermediate
c:\users\liche\desktop\нова папка (4)\c# and c++\directxpanels\debug\layout.resfiles
c:\users\liche\desktop\нова папка (4)\c# and c++\directxpanels\debug\layout.resfiles.intermediate
c:\users\liche\desktop\нова папка (4)\c# and c++\directxpanels\debug\resources.resfiles
c:\users\liche\desktop\нова папка (4)\c# and c++\directxpanels\debug\resources.resfiles.intermediate
c:\users\liche\desktop\нова папка (4)\c# and c++\directxpanels\debug\pri.resfiles
c:\users\liche\desktop\нова папка (4)\c# and c++\directxpanels\debug\pri.resfiles.intermediate
c:\users\liche\desktop\нова папка (4)\c# and c++\debug\directxpanels\directxpanels.pri
c:\users\liche\desktop\нова папка (4)\c# and c++\directxpanels\debug\qualifiers.txt
c:\users\liche\desktop\нова папка (4)\c# and c++\directxpanels\debug\qualifiers.txt.intermediate
c:\users\liche\desktop\нова папка (4)\c# and c++\directxpanels\debug\multiplequalifiersperdimensionfound.txt
c:\users\liche\documents\visual studio 2015\projects\weather\debug\directxpanels\directxpanels.winmd
c:\users\liche\documents\visual studio 2015\projects\weather\debug\directxpanels\directxpanels.lib
c:\users\liche\documents\visual studio 2015\projects\weather\debug\directxpanels\directxpanels.exp
c:\users\liche\desktop\нова папка (4)\c# and c++\directxpanels\debug\directxpanels.vcxprojresolveassemblyreference.cache
c:\users\liche\documents\visual studio 2015\projects\weather\debug\directxpanels\directxpanels.pri
c:\users\liche\documents\visual studio 2015\projects\weather\directxpanels\debug\directxpanels.vcxprojresolveassemblyreference.cache
c:\users\liche\documents\visual studio 2015\projects\weather\directxpanels\debug\priconfig.xml
c:\users\liche\documents\visual studio 2015\projects\weather\directxpanels\debug\priconfig.xml.intermediate
c:\users\liche\documents\visual studio 2015\projects\weather\directxpanels\debug\layout.resfiles
c:\users\liche\documents\visual studio 2015\projects\weather\directxpanels\debug\layout.resfiles.intermediate
c:\users\liche\documents\visual studio 2015\projects\weather\directxpanels\debug\resources.resfiles
c:\users\liche\documents\visual studio 2015\projects\weather\directxpanels\debug\resources.resfiles.intermediate
c:\users\liche\documents\visual studio 2015\projects\weather\directxpanels\debug\pri.resfiles
c:\users\liche\documents\visual studio 2015\projects\weather\directxpanels\debug\pri.resfiles.intermediate
c:\users\liche\documents\visual studio 2015\projects\weather\directxpanels\debug\qualifiers.txt
c:\users\liche\documents\visual studio 2015\projects\weather\directxpanels\debug\qualifiers.txt.intermediate
c:\users\liche\documents\visual studio 2015\projects\weather\directxpanels\debug\multiplequalifiersperdimensionfound.txt
c:\users\liche\documents\visual studio 2015\projects\weather\debug\directxpanels\directxpanels.ilk
c:\users\liche\documents\visual studio 2015\projects\weather\debug\directxpanels\directxpanels.dll
c:\users\liche\documents\visual studio 2015\projects\weather\debug\directxpanels\directxpanels.pdb
c:\users\liche\documents\visual studio 2015\projects\weather\directxpanels\debug\d3dpanel.obj
c:\users\liche\documents\visual studio 2015\projects\weather\directxpanels\debug\drawingpanel.obj
c:\users\liche\documents\visual studio 2015\projects\weather\directxpanels\debug\highlighterpanel.obj
c:\users\liche\documents\visual studio 2015\projects\weather\directxpanels\debug\uiad2dpanel.obj
c:\users\liche\documents\visual studio 2015\projects\weather\directxpanels\debug\directxpanels.tlog\cl.command.1.tlog
c:\users\liche\documents\visual studio 2015\projects\weather\directxpanels\debug\directxpanels.tlog\cl.read.1.tlog
c:\users\liche\documents\visual studio 2015\projects\weather\directxpanels\debug\directxpanels.tlog\cl.write.1.tlog
c:\users\liche\documents\visual studio 2015\projects\weather\directxpanels\debug\directxpanels.tlog\directxpanels.read.1u.tlog
c:\users\liche\documents\visual studio 2015\projects\weather\directxpanels\debug\directxpanels.tlog\directxpanels.write.1u.tlog
c:\users\liche\documents\visual studio 2015\projects\weather\directxpanels\debug\directxpanels.tlog\fxc.command.1.tlog
c:\users\liche\documents\visual studio 2015\projects\weather\directxpanels\debug\directxpanels.tlog\fxc.read.1.tlog
c:\users\liche\documents\visual studio 2015\projects\weather\directxpanels\debug\directxpanels.tlog\fxc.write.1.tlog
c:\users\liche\documents\visual studio 2015\projects\weather\directxpanels\debug\directxpanels.tlog\link.command.1.tlog
c:\users\liche\documents\visual studio 2015\projects\weather\directxpanels\debug\directxpanels.tlog\link.read.1.tlog
c:\users\liche\documents\visual studio 2015\projects\weather\directxpanels\debug\directxpanels.tlog\link.write.1.tlog
